<?xml version="1.0" encoding="UTF-8"?>
<testsuite xmlns:xsi="http://www.w3.org/2001/XMLSchema-instance" xsi:noNamespaceSchemaLocation="https://maven.apache.org/surefire/maven-surefire-plugin/xsd/surefire-test-report-3.0.xsd" version="3.0" name="TestSuite" time="354.163" tests="54" errors="0" skipped="0" failures="1">
  <properties>
    <property name="gopherProxySet" value="false"/>
    <property name="awt.toolkit" value="sun.lwawt.macosx.LWCToolkit"/>
    <property name="file.encoding.pkg" value="sun.io"/>
    <property name="java.specification.version" value="1.8"/>
    <property name="webdriver.chrome.driver" value="/Users/rafaelaziz/.cache/selenium/chromedriver/mac64/92.0.4515.107/chromedriver"/>
    <property name="sun.cpu.isalist" value=""/>
    <property name="sun.jnu.encoding" value="UTF-8"/>
    <property name="java.class.path" value="/Users/rafaelaziz/IdeaProjects/duobank/target/test-classes:/Users/rafaelaziz/IdeaProjects/duobank/target/classes:/Users/rafaelaziz/.m2/repository/org/seleniumhq/selenium/selenium-java/3.141.59/selenium-java-3.141.59.jar:/Users/rafaelaziz/.m2/repository/org/seleniumhq/selenium/selenium-api/3.141.59/selenium-api-3.141.59.jar:/Users/rafaelaziz/.m2/repository/org/seleniumhq/selenium/selenium-chrome-driver/3.141.59/selenium-chrome-driver-3.141.59.jar:/Users/rafaelaziz/.m2/repository/org/seleniumhq/selenium/selenium-edge-driver/3.141.59/selenium-edge-driver-3.141.59.jar:/Users/rafaelaziz/.m2/repository/org/seleniumhq/selenium/selenium-firefox-driver/3.141.59/selenium-firefox-driver-3.141.59.jar:/Users/rafaelaziz/.m2/repository/org/seleniumhq/selenium/selenium-ie-driver/3.141.59/selenium-ie-driver-3.141.59.jar:/Users/rafaelaziz/.m2/repository/org/seleniumhq/selenium/selenium-opera-driver/3.141.59/selenium-opera-driver-3.141.59.jar:/Users/rafaelaziz/.m2/repository/org/seleniumhq/selenium/selenium-remote-driver/3.141.59/selenium-remote-driver-3.141.59.jar:/Users/rafaelaziz/.m2/repository/org/seleniumhq/selenium/selenium-safari-driver/3.141.59/selenium-safari-driver-3.141.59.jar:/Users/rafaelaziz/.m2/repository/org/seleniumhq/selenium/selenium-support/3.141.59/selenium-support-3.141.59.jar:/Users/rafaelaziz/.m2/repository/net/bytebuddy/byte-buddy/1.8.15/byte-buddy-1.8.15.jar:/Users/rafaelaziz/.m2/repository/org/apache/commons/commons-exec/1.3/commons-exec-1.3.jar:/Users/rafaelaziz/.m2/repository/com/google/guava/guava/25.0-jre/guava-25.0-jre.jar:/Users/rafaelaziz/.m2/repository/com/google/code/findbugs/jsr305/1.3.9/jsr305-1.3.9.jar:/Users/rafaelaziz/.m2/repository/org/checkerframework/checker-compat-qual/2.0.0/checker-compat-qual-2.0.0.jar:/Users/rafaelaziz/.m2/repository/com/google/errorprone/error_prone_annotations/2.1.3/error_prone_annotations-2.1.3.jar:/Users/rafaelaziz/.m2/repository/com/google/j2objc/j2objc-annotations/1.1/j2objc-annotations-1.1.jar:/Users/rafaelaziz/.m2/repository/org/codehaus/mojo/animal-sniffer-annotations/1.14/animal-sniffer-annotations-1.14.jar:/Users/rafaelaziz/.m2/repository/com/squareup/okhttp3/okhttp/3.11.0/okhttp-3.11.0.jar:/Users/rafaelaziz/.m2/repository/com/squareup/okio/okio/1.14.0/okio-1.14.0.jar:/Users/rafaelaziz/.m2/repository/org/testng/testng/7.4.0/testng-7.4.0.jar:/Users/rafaelaziz/.m2/repository/com/beust/jcommander/1.78/jcommander-1.78.jar:/Users/rafaelaziz/.m2/repository/org/webjars/jquery/3.5.1/jquery-3.5.1.jar:/Users/rafaelaziz/.m2/repository/io/github/bonigarcia/webdrivermanager/4.4.3/webdrivermanager-4.4.3.jar:/Users/rafaelaziz/.m2/repository/org/slf4j/slf4j-api/1.7.30/slf4j-api-1.7.30.jar:/Users/rafaelaziz/.m2/repository/commons-io/commons-io/2.8.0/commons-io-2.8.0.jar:/Users/rafaelaziz/.m2/repository/com/google/code/gson/gson/2.8.6/gson-2.8.6.jar:/Users/rafaelaziz/.m2/repository/org/apache/commons/commons-lang3/3.12.0/commons-lang3-3.12.0.jar:/Users/rafaelaziz/.m2/repository/org/apache/httpcomponents/client5/httpclient5/5.0.3/httpclient5-5.0.3.jar:/Users/rafaelaziz/.m2/repository/org/apache/httpcomponents/core5/httpcore5/5.0.2/httpcore5-5.0.2.jar:/Users/rafaelaziz/.m2/repository/org/apache/httpcomponents/core5/httpcore5-h2/5.0.2/httpcore5-h2-5.0.2.jar:/Users/rafaelaziz/.m2/repository/commons-codec/commons-codec/1.13/commons-codec-1.13.jar:/Users/rafaelaziz/.m2/repository/org/rauschig/jarchivelib/1.1.0/jarchivelib-1.1.0.jar:/Users/rafaelaziz/.m2/repository/org/jsoup/jsoup/1.13.1/jsoup-1.13.1.jar:/Users/rafaelaziz/.m2/repository/com/github/javafaker/javafaker/1.0.2/javafaker-1.0.2.jar:/Users/rafaelaziz/.m2/repository/org/yaml/snakeyaml/1.23/snakeyaml-1.23-android.jar:/Users/rafaelaziz/.m2/repository/com/github/mifmif/generex/1.0.2/generex-1.0.2.jar:/Users/rafaelaziz/.m2/repository/dk/brics/automaton/automaton/1.11-8/automaton-1.11-8.jar:/Users/rafaelaziz/.m2/repository/ru/yandex/qatools/ashot/ashot/1.5.4/ashot-1.5.4.jar:/Users/rafaelaziz/.m2/repository/org/hamcrest/hamcrest-core/1.3/hamcrest-core-1.3.jar:/Users/rafaelaziz/.m2/repository/com/aventstack/extentreports/5.0.8/extentreports-5.0.8.jar:/Users/rafaelaziz/.m2/repository/io/reactivex/rxjava3/rxjava/3.0.4/rxjava-3.0.4.jar:/Users/rafaelaziz/.m2/repository/org/reactivestreams/reactive-streams/1.0.3/reactive-streams-1.0.3.jar:/Users/rafaelaziz/.m2/repository/org/freemarker/freemarker/2.3.30/freemarker-2.3.30.jar:/Users/rafaelaziz/.m2/repository/org/projectlombok/lombok/1.18.12/lombok-1.18.12.jar:/Users/rafaelaziz/.m2/repository/org/apache/poi/poi-ooxml/5.0.0/poi-ooxml-5.0.0.jar:/Users/rafaelaziz/.m2/repository/org/apache/poi/poi/5.0.0/poi-5.0.0.jar:/Users/rafaelaziz/.m2/repository/org/slf4j/jcl-over-slf4j/1.7.30/jcl-over-slf4j-1.7.30.jar:/Users/rafaelaziz/.m2/repository/org/apache/commons/commons-collections4/4.4/commons-collections4-4.4.jar:/Users/rafaelaziz/.m2/repository/org/apache/commons/commons-math3/3.6.1/commons-math3-3.6.1.jar:/Users/rafaelaziz/.m2/repository/com/zaxxer/SparseBitSet/1.2/SparseBitSet-1.2.jar:/Users/rafaelaziz/.m2/repository/org/apache/poi/poi-ooxml-lite/5.0.0/poi-ooxml-lite-5.0.0.jar:/Users/rafaelaziz/.m2/repository/org/apache/xmlbeans/xmlbeans/4.0.0/xmlbeans-4.0.0.jar:/Users/rafaelaziz/.m2/repository/xml-apis/xml-apis/1.4.01/xml-apis-1.4.01.jar:/Users/rafaelaziz/.m2/repository/org/apache/commons/commons-compress/1.20/commons-compress-1.20.jar:/Users/rafaelaziz/.m2/repository/com/github/virtuald/curvesapi/1.06/curvesapi-1.06.jar:/Users/rafaelaziz/.m2/repository/org/bouncycastle/bcpkix-jdk15on/1.68/bcpkix-jdk15on-1.68.jar:/Users/rafaelaziz/.m2/repository/org/bouncycastle/bcprov-jdk15on/1.68/bcprov-jdk15on-1.68.jar:/Users/rafaelaziz/.m2/repository/org/apache/santuario/xmlsec/2.2.1/xmlsec-2.2.1.jar:/Users/rafaelaziz/.m2/repository/com/fasterxml/woodstox/woodstox-core/5.2.1/woodstox-core-5.2.1.jar:/Users/rafaelaziz/.m2/repository/org/codehaus/woodstox/stax2-api/4.2/stax2-api-4.2.jar:/Users/rafaelaziz/.m2/repository/org/apache/xmlgraphics/batik-all/1.13/batik-all-1.13.jar:/Users/rafaelaziz/.m2/repository/org/apache/xmlgraphics/batik-anim/1.13/batik-anim-1.13.jar:/Users/rafaelaziz/.m2/repository/org/apache/xmlgraphics/batik-shared-resources/1.13/batik-shared-resources-1.13.jar:/Users/rafaelaziz/.m2/repository/xml-apis/xml-apis-ext/1.3.04/xml-apis-ext-1.3.04.jar:/Users/rafaelaziz/.m2/repository/org/apache/xmlgraphics/batik-awt-util/1.13/batik-awt-util-1.13.jar:/Users/rafaelaziz/.m2/repository/org/apache/xmlgraphics/xmlgraphics-commons/2.4/xmlgraphics-commons-2.4.jar:/Users/rafaelaziz/.m2/repository/org/apache/xmlgraphics/batik-bridge/1.13/batik-bridge-1.13.jar:/Users/rafaelaziz/.m2/repository/org/apache/xmlgraphics/batik-codec/1.13/batik-codec-1.13.jar:/Users/rafaelaziz/.m2/repository/org/apache/xmlgraphics/batik-constants/1.13/batik-constants-1.13.jar:/Users/rafaelaziz/.m2/repository/org/apache/xmlgraphics/batik-css/1.13/batik-css-1.13.jar:/Users/rafaelaziz/.m2/repository/org/apache/xmlgraphics/batik-dom/1.13/batik-dom-1.13.jar:/Users/rafaelaziz/.m2/repository/xalan/xalan/2.7.2/xalan-2.7.2.jar:/Users/rafaelaziz/.m2/repository/xalan/serializer/2.7.2/serializer-2.7.2.jar:/Users/rafaelaziz/.m2/repository/org/apache/xmlgraphics/batik-ext/1.13/batik-ext-1.13.jar:/Users/rafaelaziz/.m2/repository/org/apache/xmlgraphics/batik-extension/1.13/batik-extension-1.13.jar:/Users/rafaelaziz/.m2/repository/org/apache/xmlgraphics/batik-gui-util/1.13/batik-gui-util-1.13.jar:/Users/rafaelaziz/.m2/repository/org/apache/xmlgraphics/batik-gvt/1.13/batik-gvt-1.13.jar:/Users/rafaelaziz/.m2/repository/org/apache/xmlgraphics/batik-i18n/1.13/batik-i18n-1.13.jar:/Users/rafaelaziz/.m2/repository/org/apache/xmlgraphics/batik-parser/1.13/batik-parser-1.13.jar:/Users/rafaelaziz/.m2/repository/org/apache/xmlgraphics/batik-rasterizer-ext/1.13/batik-rasterizer-ext-1.13.jar:/Users/rafaelaziz/.m2/repository/org/apache/xmlgraphics/batik-rasterizer/1.13/batik-rasterizer-1.13.jar:/Users/rafaelaziz/.m2/repository/org/apache/xmlgraphics/batik-script/1.13/batik-script-1.13.jar:/Users/rafaelaziz/.m2/repository/org/apache/xmlgraphics/batik-slideshow/1.13/batik-slideshow-1.13.jar:/Users/rafaelaziz/.m2/repository/org/apache/xmlgraphics/batik-squiggle-ext/1.13/batik-squiggle-ext-1.13.jar:/Users/rafaelaziz/.m2/repository/org/apache/xmlgraphics/batik-squiggle/1.13/batik-squiggle-1.13.jar:/Users/rafaelaziz/.m2/repository/org/apache/xmlgraphics/batik-svg-dom/1.13/batik-svg-dom-1.13.jar:/Users/rafaelaziz/.m2/repository/org/apache/xmlgraphics/batik-svgbrowser/1.13/batik-svgbrowser-1.13.jar:/Users/rafaelaziz/.m2/repository/org/apache/xmlgraphics/batik-svggen/1.13/batik-svggen-1.13.jar:/Users/rafaelaziz/.m2/repository/org/apache/xmlgraphics/batik-svgpp/1.13/batik-svgpp-1.13.jar:/Users/rafaelaziz/.m2/repository/org/apache/xmlgraphics/batik-svgrasterizer/1.13/batik-svgrasterizer-1.13.jar:/Users/rafaelaziz/.m2/repository/org/apache/xmlgraphics/batik-swing/1.13/batik-swing-1.13.jar:/Users/rafaelaziz/.m2/repository/org/apache/xmlgraphics/batik-transcoder/1.13/batik-transcoder-1.13.jar:/Users/rafaelaziz/.m2/repository/org/apache/xmlgraphics/batik-util/1.13/batik-util-1.13.jar:/Users/rafaelaziz/.m2/repository/org/apache/xmlgraphics/batik-ttf2svg/1.13/batik-ttf2svg-1.13.jar:/Users/rafaelaziz/.m2/repository/org/apache/xmlgraphics/batik-xml/1.13/batik-xml-1.13.jar:/Users/rafaelaziz/.m2/repository/de/rototor/pdfbox/graphics2d/0.30/graphics2d-0.30.jar:/Users/rafaelaziz/.m2/repository/org/apache/pdfbox/pdfbox/2.0.22/pdfbox-2.0.22.jar:/Users/rafaelaziz/.m2/repository/org/apache/pdfbox/fontbox/2.0.22/fontbox-2.0.22.jar:"/>
    <property name="java.vm.vendor" value="Oracle Corporation"/>
    <property name="sun.arch.data.model" value="64"/>
    <property name="java.vendor.url" value="http://java.oracle.com/"/>
    <property name="user.timezone" value="America/New_York"/>
    <property name="java.vm.specification.version" value="1.8"/>
    <property name="os.name" value="Mac OS X"/>
    <property name="user.country" value="US"/>
    <property name="sun.java.launcher" value="SUN_STANDARD"/>
    <property name="sun.boot.library.path" value="/Library/Java/JavaVirtualMachines/jdk1.8.0_281.jdk/Contents/Home/jre/lib"/>
    <property name="sun.java.command" value="/Users/rafaelaziz/IdeaProjects/duobank/target/surefire/surefirebooter5668673212427722074.jar /Users/rafaelaziz/IdeaProjects/duobank/target/surefire 2021-08-10T18-28-08_918-jvmRun1 surefire3278796807228828842tmp surefire_06168669548116515572tmp"/>
    <property name="http.nonProxyHosts" value="local|*.local|169.254/16|*.169.254/16"/>
    <property name="surefire.test.class.path" value="/Users/rafaelaziz/IdeaProjects/duobank/target/test-classes:/Users/rafaelaziz/IdeaProjects/duobank/target/classes:/Users/rafaelaziz/.m2/repository/org/seleniumhq/selenium/selenium-java/3.141.59/selenium-java-3.141.59.jar:/Users/rafaelaziz/.m2/repository/org/seleniumhq/selenium/selenium-api/3.141.59/selenium-api-3.141.59.jar:/Users/rafaelaziz/.m2/repository/org/seleniumhq/selenium/selenium-chrome-driver/3.141.59/selenium-chrome-driver-3.141.59.jar:/Users/rafaelaziz/.m2/repository/org/seleniumhq/selenium/selenium-edge-driver/3.141.59/selenium-edge-driver-3.141.59.jar:/Users/rafaelaziz/.m2/repository/org/seleniumhq/selenium/selenium-firefox-driver/3.141.59/selenium-firefox-driver-3.141.59.jar:/Users/rafaelaziz/.m2/repository/org/seleniumhq/selenium/selenium-ie-driver/3.141.59/selenium-ie-driver-3.141.59.jar:/Users/rafaelaziz/.m2/repository/org/seleniumhq/selenium/selenium-opera-driver/3.141.59/selenium-opera-driver-3.141.59.jar:/Users/rafaelaziz/.m2/repository/org/seleniumhq/selenium/selenium-remote-driver/3.141.59/selenium-remote-driver-3.141.59.jar:/Users/rafaelaziz/.m2/repository/org/seleniumhq/selenium/selenium-safari-driver/3.141.59/selenium-safari-driver-3.141.59.jar:/Users/rafaelaziz/.m2/repository/org/seleniumhq/selenium/selenium-support/3.141.59/selenium-support-3.141.59.jar:/Users/rafaelaziz/.m2/repository/net/bytebuddy/byte-buddy/1.8.15/byte-buddy-1.8.15.jar:/Users/rafaelaziz/.m2/repository/org/apache/commons/commons-exec/1.3/commons-exec-1.3.jar:/Users/rafaelaziz/.m2/repository/com/google/guava/guava/25.0-jre/guava-25.0-jre.jar:/Users/rafaelaziz/.m2/repository/com/google/code/findbugs/jsr305/1.3.9/jsr305-1.3.9.jar:/Users/rafaelaziz/.m2/repository/org/checkerframework/checker-compat-qual/2.0.0/checker-compat-qual-2.0.0.jar:/Users/rafaelaziz/.m2/repository/com/google/errorprone/error_prone_annotations/2.1.3/error_prone_annotations-2.1.3.jar:/Users/rafaelaziz/.m2/repository/com/google/j2objc/j2objc-annotations/1.1/j2objc-annotations-1.1.jar:/Users/rafaelaziz/.m2/repository/org/codehaus/mojo/animal-sniffer-annotations/1.14/animal-sniffer-annotations-1.14.jar:/Users/rafaelaziz/.m2/repository/com/squareup/okhttp3/okhttp/3.11.0/okhttp-3.11.0.jar:/Users/rafaelaziz/.m2/repository/com/squareup/okio/okio/1.14.0/okio-1.14.0.jar:/Users/rafaelaziz/.m2/repository/org/testng/testng/7.4.0/testng-7.4.0.jar:/Users/rafaelaziz/.m2/repository/com/beust/jcommander/1.78/jcommander-1.78.jar:/Users/rafaelaziz/.m2/repository/org/webjars/jquery/3.5.1/jquery-3.5.1.jar:/Users/rafaelaziz/.m2/repository/io/github/bonigarcia/webdrivermanager/4.4.3/webdrivermanager-4.4.3.jar:/Users/rafaelaziz/.m2/repository/org/slf4j/slf4j-api/1.7.30/slf4j-api-1.7.30.jar:/Users/rafaelaziz/.m2/repository/commons-io/commons-io/2.8.0/commons-io-2.8.0.jar:/Users/rafaelaziz/.m2/repository/com/google/code/gson/gson/2.8.6/gson-2.8.6.jar:/Users/rafaelaziz/.m2/repository/org/apache/commons/commons-lang3/3.12.0/commons-lang3-3.12.0.jar:/Users/rafaelaziz/.m2/repository/org/apache/httpcomponents/client5/httpclient5/5.0.3/httpclient5-5.0.3.jar:/Users/rafaelaziz/.m2/repository/org/apache/httpcomponents/core5/httpcore5/5.0.2/httpcore5-5.0.2.jar:/Users/rafaelaziz/.m2/repository/org/apache/httpcomponents/core5/httpcore5-h2/5.0.2/httpcore5-h2-5.0.2.jar:/Users/rafaelaziz/.m2/repository/commons-codec/commons-codec/1.13/commons-codec-1.13.jar:/Users/rafaelaziz/.m2/repository/org/rauschig/jarchivelib/1.1.0/jarchivelib-1.1.0.jar:/Users/rafaelaziz/.m2/repository/org/jsoup/jsoup/1.13.1/jsoup-1.13.1.jar:/Users/rafaelaziz/.m2/repository/com/github/javafaker/javafaker/1.0.2/javafaker-1.0.2.jar:/Users/rafaelaziz/.m2/repository/org/yaml/snakeyaml/1.23/snakeyaml-1.23-android.jar:/Users/rafaelaziz/.m2/repository/com/github/mifmif/generex/1.0.2/generex-1.0.2.jar:/Users/rafaelaziz/.m2/repository/dk/brics/automaton/automaton/1.11-8/automaton-1.11-8.jar:/Users/rafaelaziz/.m2/repository/ru/yandex/qatools/ashot/ashot/1.5.4/ashot-1.5.4.jar:/Users/rafaelaziz/.m2/repository/org/hamcrest/hamcrest-core/1.3/hamcrest-core-1.3.jar:/Users/rafaelaziz/.m2/repository/com/aventstack/extentreports/5.0.8/extentreports-5.0.8.jar:/Users/rafaelaziz/.m2/repository/io/reactivex/rxjava3/rxjava/3.0.4/rxjava-3.0.4.jar:/Users/rafaelaziz/.m2/repository/org/reactivestreams/reactive-streams/1.0.3/reactive-streams-1.0.3.jar:/Users/rafaelaziz/.m2/repository/org/freemarker/freemarker/2.3.30/freemarker-2.3.30.jar:/Users/rafaelaziz/.m2/repository/org/projectlombok/lombok/1.18.12/lombok-1.18.12.jar:/Users/rafaelaziz/.m2/repository/org/apache/poi/poi-ooxml/5.0.0/poi-ooxml-5.0.0.jar:/Users/rafaelaziz/.m2/repository/org/apache/poi/poi/5.0.0/poi-5.0.0.jar:/Users/rafaelaziz/.m2/repository/org/slf4j/jcl-over-slf4j/1.7.30/jcl-over-slf4j-1.7.30.jar:/Users/rafaelaziz/.m2/repository/org/apache/commons/commons-collections4/4.4/commons-collections4-4.4.jar:/Users/rafaelaziz/.m2/repository/org/apache/commons/commons-math3/3.6.1/commons-math3-3.6.1.jar:/Users/rafaelaziz/.m2/repository/com/zaxxer/SparseBitSet/1.2/SparseBitSet-1.2.jar:/Users/rafaelaziz/.m2/repository/org/apache/poi/poi-ooxml-lite/5.0.0/poi-ooxml-lite-5.0.0.jar:/Users/rafaelaziz/.m2/repository/org/apache/xmlbeans/xmlbeans/4.0.0/xmlbeans-4.0.0.jar:/Users/rafaelaziz/.m2/repository/xml-apis/xml-apis/1.4.01/xml-apis-1.4.01.jar:/Users/rafaelaziz/.m2/repository/org/apache/commons/commons-compress/1.20/commons-compress-1.20.jar:/Users/rafaelaziz/.m2/repository/com/github/virtuald/curvesapi/1.06/curvesapi-1.06.jar:/Users/rafaelaziz/.m2/repository/org/bouncycastle/bcpkix-jdk15on/1.68/bcpkix-jdk15on-1.68.jar:/Users/rafaelaziz/.m2/repository/org/bouncycastle/bcprov-jdk15on/1.68/bcprov-jdk15on-1.68.jar:/Users/rafaelaziz/.m2/repository/org/apache/santuario/xmlsec/2.2.1/xmlsec-2.2.1.jar:/Users/rafaelaziz/.m2/repository/com/fasterxml/woodstox/woodstox-core/5.2.1/woodstox-core-5.2.1.jar:/Users/rafaelaziz/.m2/repository/org/codehaus/woodstox/stax2-api/4.2/stax2-api-4.2.jar:/Users/rafaelaziz/.m2/repository/org/apache/xmlgraphics/batik-all/1.13/batik-all-1.13.jar:/Users/rafaelaziz/.m2/repository/org/apache/xmlgraphics/batik-anim/1.13/batik-anim-1.13.jar:/Users/rafaelaziz/.m2/repository/org/apache/xmlgraphics/batik-shared-resources/1.13/batik-shared-resources-1.13.jar:/Users/rafaelaziz/.m2/repository/xml-apis/xml-apis-ext/1.3.04/xml-apis-ext-1.3.04.jar:/Users/rafaelaziz/.m2/repository/org/apache/xmlgraphics/batik-awt-util/1.13/batik-awt-util-1.13.jar:/Users/rafaelaziz/.m2/repository/org/apache/xmlgraphics/xmlgraphics-commons/2.4/xmlgraphics-commons-2.4.jar:/Users/rafaelaziz/.m2/repository/org/apache/xmlgraphics/batik-bridge/1.13/batik-bridge-1.13.jar:/Users/rafaelaziz/.m2/repository/org/apache/xmlgraphics/batik-codec/1.13/batik-codec-1.13.jar:/Users/rafaelaziz/.m2/repository/org/apache/xmlgraphics/batik-constants/1.13/batik-constants-1.13.jar:/Users/rafaelaziz/.m2/repository/org/apache/xmlgraphics/batik-css/1.13/batik-css-1.13.jar:/Users/rafaelaziz/.m2/repository/org/apache/xmlgraphics/batik-dom/1.13/batik-dom-1.13.jar:/Users/rafaelaziz/.m2/repository/xalan/xalan/2.7.2/xalan-2.7.2.jar:/Users/rafaelaziz/.m2/repository/xalan/serializer/2.7.2/serializer-2.7.2.jar:/Users/rafaelaziz/.m2/repository/org/apache/xmlgraphics/batik-ext/1.13/batik-ext-1.13.jar:/Users/rafaelaziz/.m2/repository/org/apache/xmlgraphics/batik-extension/1.13/batik-extension-1.13.jar:/Users/rafaelaziz/.m2/repository/org/apache/xmlgraphics/batik-gui-util/1.13/batik-gui-util-1.13.jar:/Users/rafaelaziz/.m2/repository/org/apache/xmlgraphics/batik-gvt/1.13/batik-gvt-1.13.jar:/Users/rafaelaziz/.m2/repository/org/apache/xmlgraphics/batik-i18n/1.13/batik-i18n-1.13.jar:/Users/rafaelaziz/.m2/repository/org/apache/xmlgraphics/batik-parser/1.13/batik-parser-1.13.jar:/Users/rafaelaziz/.m2/repository/org/apache/xmlgraphics/batik-rasterizer-ext/1.13/batik-rasterizer-ext-1.13.jar:/Users/rafaelaziz/.m2/repository/org/apache/xmlgraphics/batik-rasterizer/1.13/batik-rasterizer-1.13.jar:/Users/rafaelaziz/.m2/repository/org/apache/xmlgraphics/batik-script/1.13/batik-script-1.13.jar:/Users/rafaelaziz/.m2/repository/org/apache/xmlgraphics/batik-slideshow/1.13/batik-slideshow-1.13.jar:/Users/rafaelaziz/.m2/repository/org/apache/xmlgraphics/batik-squiggle-ext/1.13/batik-squiggle-ext-1.13.jar:/Users/rafaelaziz/.m2/repository/org/apache/xmlgraphics/batik-squiggle/1.13/batik-squiggle-1.13.jar:/Users/rafaelaziz/.m2/repository/org/apache/xmlgraphics/batik-svg-dom/1.13/batik-svg-dom-1.13.jar:/Users/rafaelaziz/.m2/repository/org/apache/xmlgraphics/batik-svgbrowser/1.13/batik-svgbrowser-1.13.jar:/Users/rafaelaziz/.m2/repository/org/apache/xmlgraphics/batik-svggen/1.13/batik-svggen-1.13.jar:/Users/rafaelaziz/.m2/repository/org/apache/xmlgraphics/batik-svgpp/1.13/batik-svgpp-1.13.jar:/Users/rafaelaziz/.m2/repository/org/apache/xmlgraphics/batik-svgrasterizer/1.13/batik-svgrasterizer-1.13.jar:/Users/rafaelaziz/.m2/repository/org/apache/xmlgraphics/batik-swing/1.13/batik-swing-1.13.jar:/Users/rafaelaziz/.m2/repository/org/apache/xmlgraphics/batik-transcoder/1.13/batik-transcoder-1.13.jar:/Users/rafaelaziz/.m2/repository/org/apache/xmlgraphics/batik-util/1.13/batik-util-1.13.jar:/Users/rafaelaziz/.m2/repository/org/apache/xmlgraphics/batik-ttf2svg/1.13/batik-ttf2svg-1.13.jar:/Users/rafaelaziz/.m2/repository/org/apache/xmlgraphics/batik-xml/1.13/batik-xml-1.13.jar:/Users/rafaelaziz/.m2/repository/de/rototor/pdfbox/graphics2d/0.30/graphics2d-0.30.jar:/Users/rafaelaziz/.m2/repository/org/apache/pdfbox/pdfbox/2.0.22/pdfbox-2.0.22.jar:/Users/rafaelaziz/.m2/repository/org/apache/pdfbox/fontbox/2.0.22/fontbox-2.0.22.jar:"/>
    <property name="sun.cpu.endian" value="little"/>
    <property name="user.home" value="/Users/rafaelaziz"/>
    <property name="user.language" value="en"/>
    <property name="java.specification.vendor" value="Oracle Corporation"/>
    <property name="java.home" value="/Library/Java/JavaVirtualMachines/jdk1.8.0_281.jdk/Contents/Home/jre"/>
    <property name="basedir" value="/Users/rafaelaziz/IdeaProjects/duobank"/>
    <property name="file.separator" value="/"/>
    <property name="line.separator" value="&#10;"/>
    <property name="java.vm.specification.vendor" value="Oracle Corporation"/>
    <property name="java.specification.name" value="Java Platform API Specification"/>
    <property name="java.awt.graphicsenv" value="sun.awt.CGraphicsEnvironment"/>
    <property name="surefire.real.class.path" value="/Users/rafaelaziz/IdeaProjects/duobank/target/surefire/surefirebooter5668673212427722074.jar"/>
    <property name="sun.boot.class.path" value="/Library/Java/JavaVirtualMachines/jdk1.8.0_281.jdk/Contents/Home/jre/lib/resources.jar:/Library/Java/JavaVirtualMachines/jdk1.8.0_281.jdk/Contents/Home/jre/lib/rt.jar:/Library/Java/JavaVirtualMachines/jdk1.8.0_281.jdk/Contents/Home/jre/lib/sunrsasign.jar:/Library/Java/JavaVirtualMachines/jdk1.8.0_281.jdk/Contents/Home/jre/lib/jsse.jar:/Library/Java/JavaVirtualMachines/jdk1.8.0_281.jdk/Contents/Home/jre/lib/jce.jar:/Library/Java/JavaVirtualMachines/jdk1.8.0_281.jdk/Contents/Home/jre/lib/charsets.jar:/Library/Java/JavaVirtualMachines/jdk1.8.0_281.jdk/Contents/Home/jre/lib/jfr.jar:/Library/Java/JavaVirtualMachines/jdk1.8.0_281.jdk/Contents/Home/jre/classes"/>
    <property name="sun.management.compiler" value="HotSpot 64-Bit Tiered Compilers"/>
    <property name="ftp.nonProxyHosts" value="local|*.local|169.254/16|*.169.254/16"/>
    <property name="java.runtime.version" value="1.8.0_281-b09"/>
    <property name="user.name" value="rafaelaziz"/>
    <property name="path.separator" value=":"/>
    <property name="xmlFile" value="smoke_test.xml"/>
    <property name="os.version" value="10.16"/>
    <property name="java.endorsed.dirs" value="/Library/Java/JavaVirtualMachines/jdk1.8.0_281.jdk/Contents/Home/jre/lib/endorsed"/>
    <property name="java.runtime.name" value="Java(TM) SE Runtime Environment"/>
    <property name="file.encoding" value="UTF-8"/>
    <property name="java.vm.name" value="Java HotSpot(TM) 64-Bit Server VM"/>
    <property name="localRepository" value="/Users/rafaelaziz/.m2/repository"/>
    <property name="java.vendor.url.bug" value="http://bugreport.sun.com/bugreport/"/>
    <property name="java.io.tmpdir" value="/var/folders/vb/mz_37vxn07g4q6kknlcn_vqc0000gn/T/"/>
    <property name="java.version" value="1.8.0_281"/>
    <property name="user.dir" value="/Users/rafaelaziz/IdeaProjects/duobank"/>
    <property name="os.arch" value="x86_64"/>
    <property name="java.vm.specification.name" value="Java Virtual Machine Specification"/>
    <property name="java.awt.printerjob" value="sun.lwawt.macosx.CPrinterJob"/>
    <property name="sun.os.patch.level" value="unknown"/>
    <property name="java.library.path" value="/Users/rafaelaziz/Library/Java/Extensions:/Library/Java/Extensions:/Network/Library/Java/Extensions:/System/Library/Java/Extensions:/usr/lib/java:."/>
    <property name="java.vm.info" value="mixed mode"/>
    <property name="java.vendor" value="Oracle Corporation"/>
    <property name="java.vm.version" value="25.281-b09"/>
    <property name="java.ext.dirs" value="/Users/rafaelaziz/Library/Java/Extensions:/Library/Java/JavaVirtualMachines/jdk1.8.0_281.jdk/Contents/Home/jre/lib/ext:/Library/Java/Extensions:/Network/Library/Java/Extensions:/System/Library/Java/Extensions:/usr/lib/java"/>
    <property name="sun.io.unicode.encoding" value="UnicodeBig"/>
    <property name="java.class.version" value="52.0"/>
    <property name="socksNonProxyHosts" value="local|*.local|169.254/16|*.169.254/16"/>
  </properties>
  <testcase name="clickApplicationListAndVerifyUrl" classname="tests.ApplicationTest" time="3.244">
    <system-err><![CDATA[SLF4J: Failed to load class "org.slf4j.impl.StaticLoggerBinder".
SLF4J: Defaulting to no-operation (NOP) logger implementation
SLF4J: See http://www.slf4j.org/codes.html#StaticLoggerBinder for further details.
Starting ChromeDriver 92.0.4515.107 (87a818b10553a07434ea9e2b6dccf3cbe7895134-refs/branch-heads/4515@{#1634}) on port 35516
Only local connections are allowed.
Please see https://chromedriver.chromium.org/security-considerations for suggestions on keeping ChromeDriver safe.
ChromeDriver was started successfully.
Aug 10, 2021 6:28:14 PM org.openqa.selenium.remote.ProtocolHandshake createSession
INFO: Detected dialect: W3C
]]></system-err>
  </testcase>
  <testcase name="clickMortgageAppAndVerifyUrl" classname="tests.ApplicationTest" time="3.138"/>
  <testcase name="logOutTest" classname="tests.ApplicationTest" time="2.151"/>
  <testcase name="verifyLoanApplicationPageTitle" classname="tests.ApplicationTest" time="1.473"/>
  <testcase name="creditReportPositiveTest" classname="tests.MortgageApplicationTests" time="11.045"/>
  <testcase name="eConsentPageTest" classname="tests.MortgageApplicationTests" time="9.791"/>
  <testcase name="eConsentPositiveTest" classname="tests.MortgageApplicationTests" time="15.647">
    <failure message="element not interactable&#10;  (Session info: chrome=92.0.4515.131)&#10;Build info: version: &apos;3.141.59&apos;, revision: &apos;e82be7d358&apos;, time: &apos;2018-11-14T08:17:03&apos;&#10;System info: host: &apos;Rafaels-MacBook-Pro.local&apos;, ip: &apos;fe80:0:0:0:c72:5eef:b723:f97f%en0&apos;, os.name: &apos;Mac OS X&apos;, os.arch: &apos;x86_64&apos;, os.version: &apos;10.16&apos;, java.version: &apos;1.8.0_281&apos;&#10;Driver info: org.openqa.selenium.chrome.ChromeDriver&#10;Capabilities {acceptInsecureCerts: false, browserName: chrome, browserVersion: 92.0.4515.131, chrome: {chromedriverVersion: 92.0.4515.107 (87a818b10553..., userDataDir: /var/folders/vb/mz_37vxn07g...}, goog:chromeOptions: {debuggerAddress: localhost:59055}, javascriptEnabled: true, networkConnectionEnabled: false, pageLoadStrategy: normal, platform: MAC, platformName: MAC, proxy: Proxy(), setWindowRect: true, strictFileInteractability: false, timeouts: {implicit: 0, pageLoad: 300000, script: 30000}, unhandledPromptBehavior: dismiss and notify, webauthn:extension:credBlob: true, webauthn:extension:largeBlob: true, webauthn:virtualAuthenticators: true}&#10;Session ID: 3f9ad4e5b0f651c010c8b6b906323449" type="org.openqa.selenium.ElementNotInteractableException"><![CDATA[org.openqa.selenium.ElementNotInteractableException: 
element not interactable
  (Session info: chrome=92.0.4515.131)
Build info: version: '3.141.59', revision: 'e82be7d358', time: '2018-11-14T08:17:03'
System info: host: 'Rafaels-MacBook-Pro.local', ip: 'fe80:0:0:0:c72:5eef:b723:f97f%en0', os.name: 'Mac OS X', os.arch: 'x86_64', os.version: '10.16', java.version: '1.8.0_281'
Driver info: org.openqa.selenium.chrome.ChromeDriver
Capabilities {acceptInsecureCerts: false, browserName: chrome, browserVersion: 92.0.4515.131, chrome: {chromedriverVersion: 92.0.4515.107 (87a818b10553..., userDataDir: /var/folders/vb/mz_37vxn07g...}, goog:chromeOptions: {debuggerAddress: localhost:59055}, javascriptEnabled: true, networkConnectionEnabled: false, pageLoadStrategy: normal, platform: MAC, platformName: MAC, proxy: Proxy(), setWindowRect: true, strictFileInteractability: false, timeouts: {implicit: 0, pageLoad: 300000, script: 30000}, unhandledPromptBehavior: dismiss and notify, webauthn:extension:credBlob: true, webauthn:extension:largeBlob: true, webauthn:virtualAuthenticators: true}
Session ID: 3f9ad4e5b0f651c010c8b6b906323449
	at tests.MortgageApplicationTests.eConsentPositiveTest(MortgageApplicationTests.java:526)
]]></failure>
  </testcase>
  <testcase name="eConsentPositiveTestWithWrongEmailFormat" classname="tests.MortgageApplicationTests" time="13.066"/>
  <testcase name="eConsentPositiveTestWithWrongFirstName" classname="tests.MortgageApplicationTests" time="12.173"/>
  <testcase name="eConsentPositiveTestWithWrongLastName" classname="tests.MortgageApplicationTests" time="17.057"/>
  <testcase name="employmentAndIncomePositiveTest" classname="tests.MortgageApplicationTests" time="13.06"/>
  <testcase name="employmentAndIncomeTestCheckingMonthlyIncomeCalculation" classname="tests.MortgageApplicationTests" time="12.853"/>
  <testcase name="employmentAndIncomeTestWithNegativeMonthlyBonuses" classname="tests.MortgageApplicationTests" time="20.58"/>
  <testcase name="employmentAndIncomeTestWithNegativeMonthlyCommissions" classname="tests.MortgageApplicationTests" time="14.54"/>
  <testcase name="employmentAndIncomeTestWithNegativeMonthlyDividends" classname="tests.MortgageApplicationTests" time="15.14"/>
  <testcase name="employmentAndIncomeTestWithNegativeMonthlyIncome" classname="tests.MortgageApplicationTests" time="13.994"/>
  <testcase name="employmentAndIncomeTestWithNegativeMonthlyOvertime" classname="tests.MortgageApplicationTests" time="10.815"/>
  <testcase name="employmentAndIncomeTestWithNoEmployerName" classname="tests.MortgageApplicationTests" time="12.685"/>
  <testcase name="expensesPageTestCheckingErrorText" classname="tests.MortgageApplicationTests" time="8.465"/>
  <testcase name="expensesPositiveTest" classname="tests.MortgageApplicationTests" time="8.245"/>
  <testcase name="mortgageApplicationHealthCheck" classname="tests.MortgageApplicationTests" time="2.298"/>
  <testcase name="personalInformationNegativeTestWithEmptyName" classname="tests.MortgageApplicationTests" time="7.041"/>
  <testcase name="personalInformationNegativeTestWithWrongDateOfBirth" classname="tests.MortgageApplicationTests" time="7.324"/>
  <testcase name="personalInformationNegativeTestWithWrongSSN" classname="tests.MortgageApplicationTests" time="9.162"/>
  <testcase name="personalInformationPageTest" classname="tests.MortgageApplicationTests" time="5.107"/>
  <testcase name="personalInformationPositiveTest" classname="tests.MortgageApplicationTests" time="6.209"/>
  <testcase name="personalInformationTestAndClickPrivacyPolicyLink" classname="tests.MortgageApplicationTests" time="3.246"/>
  <testcase name="personalInformationTestForASingleCustomer" classname="tests.MortgageApplicationTests" time="3.912"/>
  <testcase name="personalInformationTestNoClickingPrivatePolicy" classname="tests.MortgageApplicationTests" time="3.561"/>
  <testcase name="personalInformationTestWithWrongCellNumber" classname="tests.MortgageApplicationTests" time="3.412"/>
  <testcase name="personalInformationTestWithWrongEmailFormat" classname="tests.MortgageApplicationTests" time="3.699"/>
  <testcase name="preapprovalDetailsNegativeTestWithWrongRealtorInfo" classname="tests.MortgageApplicationTests" time="2.522"/>
  <testcase name="preapprovalDetailsPageTest" classname="tests.MortgageApplicationTests" time="1.517"/>
  <testcase name="preapprovalDetailsPositiveTest" classname="tests.MortgageApplicationTests" time="2.792"/>
  <testcase name="preapprovalDetailsTestCheckingCalculatedLoanAmount" classname="tests.MortgageApplicationTests" time="2.326"/>
  <testcase name="summaryPageTest" classname="tests.MortgageApplicationTests" time="8.238"/>
  <testcase name="appHealthCheck" classname="tests.LoginTests" time="0.007"/>
  <testcase name="loginAndVerifyUrl" classname="tests.LoginTests" time="0.683"/>
  <testcase name="negativeLoginWithRandomCharactersInsteadOfEmail" classname="tests.LoginTests" time="0.695"/>
  <testcase name="negativeLoginWithRandomEmailAndPass" classname="tests.LoginTests" time="0.37"/>
  <testcase name="positiveLogin" classname="tests.LoginTests" time="0.947"/>
  <testcase name="loginAndVerifyUsername" classname="tests.LoginTests" time="0.777"/>
  <testcase name="appPageHealthCheck" classname="tests.ApplicationListTest" time="1.374"/>
  <testcase name="homeButtonCheck" classname="tests.ApplicationListTest" time="1.321"/>
  <testcase name="loanButtonCheck" classname="tests.ApplicationListTest" time="1.379"/>
  <testcase name="SignUpWithExistingUser" classname="tests.SignUpTests" time="0.612"/>
  <testcase name="SignUpWithUnsafePassword" classname="tests.SignUpTests" time="3.809"/>
  <testcase name="SignUpWithUnusualNameAndWrongEmailFormat" classname="tests.SignUpTests" time="0.595"/>
  <testcase name="negativeSignUpWithCharactersInsteadOfEmail" classname="tests.SignUpTests" time="3.875"/>
  <testcase name="negativeSignUpWithEmptyFirstName" classname="tests.SignUpTests" time="3.837"/>
  <testcase name="negativeSignUpWithEmptyLastName" classname="tests.SignUpTests" time="3.758"/>
  <testcase name="negativeSignUpWithWrongEmail" classname="tests.SignUpTests" time="0.506"/>
  <testcase name="positiveSignUpWithFaker" classname="tests.SignUpTests" time="3.73"/>
  <testcase name="positiveSignUpWithMockData[Emalia, MacGuffog, e3mac1422guff11@tinypic.com, wuTtnNaFCG](1)" classname="tests.SignUpTests" time="3.703"/>
</testsuite>