<?xml version="1.0" encoding="UTF-8"?>
<!-- Generated by org.testng.reporters.JUnitReportReporter -->
<testsuite skipped="0" hostname="Rafaels-MacBook-Pro.local" name="tests.LoginTests" tests="6" failures="0" timestamp="2021-08-10T18:34:03 EDT" time="4.944" errors="0">
  <testcase name="loginAndVerifyUrl" time="0.926" classname="tests.LoginTests"/>
  <system-out/>
  <testcase name="negativeLoginWithRandomEmailAndPass" time="0.621" classname="tests.LoginTests"/>
  <system-out/>
  <testcase name="negativeLoginWithRandomCharactersInsteadOfEmail" time="0.937" classname="tests.LoginTests"/>
  <system-out/>
  <testcase name="appHealthCheck" time="0.249" classname="tests.LoginTests"/>
  <system-out/>
  <testcase name="positiveLogin" time="1.181" classname="tests.LoginTests"/>
  <system-out/>
  <testcase name="loginAndVerifyUsername" time="1.030" classname="tests.LoginTests"/>
  <system-out/>
</testsuite> <!-- tests.LoginTests -->
