<?xml version="1.0" encoding="UTF-8"?>
<!-- Generated by org.testng.reporters.JUnitReportReporter -->
<testsuite skipped="0" hostname="Rafaels-MacBook-Pro.local" name="tests.SignUpTests" tests="9" failures="0" timestamp="2021-08-10T18:34:03 EDT" time="26.721" errors="0">
  <testcase name="negativeSignUpWithCharactersInsteadOfEmail" time="4.127" classname="tests.SignUpTests"/>
  <system-out/>
  <testcase name="SignUpWithExistingUser" time="0.902" classname="tests.SignUpTests"/>
  <system-out/>
  <testcase name="positiveSignUpWithFaker" time="3.974" classname="tests.SignUpTests"/>
  <system-out/>
  <testcase name="negativeSignUpWithEmptyLastName" time="4.042" classname="tests.SignUpTests"/>
  <system-out/>
  <testcase name="negativeSignUpWithEmptyFirstName" time="4.068" classname="tests.SignUpTests"/>
  <system-out/>
  <testcase name="SignUpWithUnusualNameAndWrongEmailFormat" time="0.834" classname="tests.SignUpTests"/>
  <system-out/>
  <testcase name="SignUpWithUnsafePassword" time="4.066" classname="tests.SignUpTests"/>
  <system-out/>
  <testcase name="negativeSignUpWithWrongEmail" time="0.750" classname="tests.SignUpTests"/>
  <system-out/>
  <testcase name="positiveSignUpWithMockData" time="3.958" classname="tests.SignUpTests"/>
  <system-out/>
</testsuite> <!-- tests.SignUpTests -->
