<?xml version="1.0" encoding="UTF-8"?>
<!-- Generated by org.testng.reporters.JUnitReportReporter -->
<testsuite skipped="0" hostname="Rafaels-MacBook-Pro.local" name="tests.ApplicationTest" tests="4" failures="0" timestamp="2021-08-10T18:34:03 EDT" time="12.056" errors="0">
  <testcase name="clickApplicationListAndVerifyUrl" time="3.562" classname="tests.ApplicationTest"/>
  <system-out/>
  <testcase name="clickMortgageAppAndVerifyUrl" time="3.436" classname="tests.ApplicationTest"/>
  <system-out/>
  <testcase name="logOutTest" time="2.455" classname="tests.ApplicationTest"/>
  <system-out/>
  <testcase name="verifyLoanApplicationPageTitle" time="2.603" classname="tests.ApplicationTest"/>
  <system-out/>
</testsuite> <!-- tests.ApplicationTest -->
