<?xml version="1.0" encoding="UTF-8"?>
<!-- Generated by org.testng.reporters.JUnitReportReporter -->
<testsuite skipped="0" hostname="Rafaels-MacBook-Pro.local" name="tests.ApplicationListTest" tests="3" failures="0" timestamp="2021-08-10T18:34:03 EDT" time="4.839" errors="0">
  <testcase name="appPageHealthCheck" time="1.603" classname="tests.ApplicationListTest"/>
  <system-out/>
  <testcase name="loanButtonCheck" time="1.669" classname="tests.ApplicationListTest"/>
  <system-out/>
  <testcase name="homeButtonCheck" time="1.567" classname="tests.ApplicationListTest"/>
  <system-out/>
</testsuite> <!-- tests.ApplicationListTest -->
